<?xml version="1.0" encoding="UTF-8"?>
<testng-results skipped="0" failed="0" ignored="0" total="1" passed="1">
  <reporter-output>
  </reporter-output>
  <suite name="Default suite" duration-ms="3261" started-at="2020-02-13T02:09:12Z" finished-at="2020-02-13T02:09:15Z">
    <groups>
    </groups>
    <test name="Default test" duration-ms="3261" started-at="2020-02-13T02:09:12Z" finished-at="2020-02-13T02:09:15Z">
      <class name="com.qa.test.ResgisterNewUser">
        <test-method status="PASS" signature="startUp()[pri:0, instance:com.qa.test.ResgisterNewUser@27efef64]" name="startUp" is-config="true" duration-ms="7" started-at="2020-02-12T21:09:12Z" finished-at="2020-02-12T21:09:12Z">
          <reporter-output>
          </reporter-output>
        </test-method> <!-- startUp -->
        <test-method status="PASS" signature="registerNewMember()[pri:0, instance:com.qa.test.ResgisterNewUser@27efef64]" name="registerNewMember" duration-ms="3211" started-at="2020-02-12T21:09:12Z" finished-at="2020-02-12T21:09:15Z">
          <reporter-output>
          </reporter-output>
        </test-method> <!-- registerNewMember -->
      </class> <!-- com.qa.test.ResgisterNewUser -->
    </test> <!-- Default test -->
  </suite> <!-- Default suite -->
</testng-results>
